# JRE version: OpenJDK Runtime Environment (8.0_152-b01) (build 1.8.0_152-release-915-b01)
# Java VM: OpenJDK 64-Bit Server VM (25.152-b01 mixed mode windows-amd64 compressed oops)
Heap:
 PSYoungGen      total 237568K, used 156075K [0x00000000e0000000, 0x00000000f3180000, 0x0000000100000000)
  eden space 206336K, 72% used [0x00000000e0000000,0x00000000e928de48,0x00000000ec980000)
  from space 31232K, 19% used [0x00000000ec980000,0x00000000ecf5cf80,0x00000000ee800000)
  to   space 31232K, 0% used [0x00000000f1300000,0x00000000f1300000,0x00000000f3180000)
 ParOldGen       total 105472K, used 66343K [0x00000000a0000000, 0x00000000a6700000, 0x00000000e0000000)
  object space 105472K, 62% used [0x00000000a0000000,0x00000000a40c9fc0,0x00000000a6700000)
 Metaspace       used 84928K, capacity 89196K, committed 89432K, reserved 1126400K
  class space    used 11127K, capacity 12126K, committed 12160K, reserved 1048576K
GC Heap History (10 events):
Event: 2962.967 GC heap before
{Heap before GC invocations=18 (full 3):
 PSYoungGen      total 198144K, used 197897K [0x00000000e0000000, 0x00000000ee980000, 0x0000000100000000)
  eden space 184320K, 100% used [0x00000000e0000000,0x00000000eb400000,0x00000000eb400000)
  from space 13824K, 98% used [0x00000000edc00000,0x00000000ee9426f8,0x00000000ee980000)
  to   space 24576K, 0% used [0x00000000eb980000,0x00000000eb980000,0x00000000ed180000)
 ParOldGen       total 105472K, used 47281K [0x00000000a0000000, 0x00000000a6700000, 0x00000000e0000000)
  object space 105472K, 44% used [0x00000000a0000000,0x00000000a2e2c598,0x00000000a6700000)
 Metaspace       used 69191K, capacity 72572K, committed 72792K, reserved 1112064K
  class space    used 9217K, capacity 10011K, committed 10112K, reserved 1048576K
Event: 2963.851 GC heap after
Heap after GC invocations=18 (full 3):
 PSYoungGen      total 189952K, used 12429K [0x00000000e0000000, 0x00000000edc80000, 0x0000000100000000)
  eden space 177152K, 0% used [0x00000000e0000000,0x00000000e0000000,0x00000000ead00000)
  from space 12800K, 97% used [0x00000000eb980000,0x00000000ec5a36b8,0x00000000ec600000)
  to   space 23040K, 0% used [0x00000000ec600000,0x00000000ec600000,0x00000000edc80000)
 ParOldGen       total 105472K, used 47289K [0x00000000a0000000, 0x00000000a6700000, 0x00000000e0000000)
  object space 105472K, 44% used [0x00000000a0000000,0x00000000a2e2e598,0x00000000a6700000)
 Metaspace       used 69191K, capacity 72572K, committed 72792K, reserved 1112064K
  class space    used 9217K, capacity 10011K, committed 10112K, reserved 1048576K
}
Event: 3027.329 GC heap before
{Heap before GC invocations=19 (full 3):
 PSYoungGen      total 189952K, used 189418K [0x00000000e0000000, 0x00000000edc80000, 0x0000000100000000)
  eden space 177152K, 99% used [0x00000000e0000000,0x00000000eacd71a0,0x00000000ead00000)
  from space 12800K, 97% used [0x00000000eb980000,0x00000000ec5a36b8,0x00000000ec600000)
  to   space 23040K, 0% used [0x00000000ec600000,0x00000000ec600000,0x00000000edc80000)
 ParOldGen       total 105472K, used 47289K [0x00000000a0000000, 0x00000000a6700000, 0x00000000e0000000)
  object space 105472K, 44% used [0x00000000a0000000,0x00000000a2e2e598,0x00000000a6700000)
 Metaspace       used 76694K, capacity 80316K, committed 80472K, reserved 1118208K
  class space    used 10184K, capacity 11051K, committed 11136K, reserved 1048576K
Event: 3027.436 GC heap after
Heap after GC invocations=19 (full 3):
 PSYoungGen      total 192000K, used 21387K [0x00000000e0000000, 0x00000000edb00000, 0x0000000100000000)
  eden space 170496K, 0% used [0x00000000e0000000,0x00000000e0000000,0x00000000ea680000)
  from space 21504K, 99% used [0x00000000ec600000,0x00000000edae2fe0,0x00000000edb00000)
  to   space 26112K, 0% used [0x00000000ea800000,0x00000000ea800000,0x00000000ec180000)
 ParOldGen       total 105472K, used 47297K [0x00000000a0000000, 0x00000000a6700000, 0x00000000e0000000)
  object space 105472K, 44% used [0x00000000a0000000,0x00000000a2e30598,0x00000000a6700000)
 Metaspace       used 76694K, capacity 80316K, committed 80472K, reserved 1118208K
  class space    used 10184K, capacity 11051K, committed 11136K, reserved 1048576K
}
Event: 3031.525 GC heap before
{Heap before GC invocations=20 (full 3):
 PSYoungGen      total 192000K, used 191181K [0x00000000e0000000, 0x00000000edb00000, 0x0000000100000000)
  eden space 170496K, 99% used [0x00000000e0000000,0x00000000ea5d0768,0x00000000ea680000)
  from space 21504K, 99% used [0x00000000ec600000,0x00000000edae2fe0,0x00000000edb00000)
  to   space 26112K, 0% used [0x00000000ea800000,0x00000000ea800000,0x00000000ec180000)
 ParOldGen       total 105472K, used 47297K [0x00000000a0000000, 0x00000000a6700000, 0x00000000e0000000)
  object space 105472K, 44% used [0x00000000a0000000,0x00000000a2e30598,0x00000000a6700000)
 Metaspace       used 78394K, capacity 82140K, committed 82264K, reserved 1120256K
  class space    used 10377K, capacity 11271K, committed 11392K, reserved 1048576K
Event: 3031.876 GC heap after
Heap after GC invocations=20 (full 3):
 PSYoungGen      total 198144K, used 20382K [0x00000000e0000000, 0x00000000f0380000, 0x0000000100000000)
  eden space 172032K, 0% used [0x00000000e0000000,0x00000000e0000000,0x00000000ea800000)
  from space 26112K, 78% used [0x00000000ea800000,0x00000000ebbe78a0,0x00000000ec180000)
  to   space 28160K, 0% used [0x00000000ee800000,0x00000000ee800000,0x00000000f0380000)
 ParOldGen       total 105472K, used 47305K [0x00000000a0000000, 0x00000000a6700000, 0x00000000e0000000)
  object space 105472K, 44% used [0x00000000a0000000,0x00000000a2e32598,0x00000000a6700000)
 Metaspace       used 78394K, capacity 82140K, committed 82264K, reserved 1120256K
  class space    used 10377K, capacity 11271K, committed 11392K, reserved 1048576K
}
Event: 3040.549 GC heap before
{Heap before GC invocations=21 (full 3):
 PSYoungGen      total 198144K, used 192414K [0x00000000e0000000, 0x00000000f0380000, 0x0000000100000000)
  eden space 172032K, 100% used [0x00000000e0000000,0x00000000ea800000,0x00000000ea800000)
  from space 26112K, 78% used [0x00000000ea800000,0x00000000ebbe78a0,0x00000000ec180000)
  to   space 28160K, 0% used [0x00000000ee800000,0x00000000ee800000,0x00000000f0380000)
 ParOldGen       total 105472K, used 47305K [0x00000000a0000000, 0x00000000a6700000, 0x00000000e0000000)
  object space 105472K, 44% used [0x00000000a0000000,0x00000000a2e32598,0x00000000a6700000)
 Metaspace       used 82069K, capacity 86118K, committed 86232K, reserved 1124352K
  class space    used 10750K, capacity 11686K, committed 11776K, reserved 1048576K
Event: 3040.853 GC heap after
Heap after GC invocations=21 (full 3):
 PSYoungGen      total 234496K, used 25691K [0x00000000e0000000, 0x00000000f0c00000, 0x0000000100000000)
  eden space 206336K, 0% used [0x00000000e0000000,0x00000000e0000000,0x00000000ec980000)
  from space 28160K, 91% used [0x00000000ee800000,0x00000000f0116d70,0x00000000f0380000)
  to   space 31232K, 0% used [0x00000000ec980000,0x00000000ec980000,0x00000000ee800000)
 ParOldGen       total 105472K, used 55465K [0x00000000a0000000, 0x00000000a6700000, 0x00000000e0000000)
  object space 105472K, 52% used [0x00000000a0000000,0x00000000a362a4e0,0x00000000a6700000)
 Metaspace       used 82069K, capacity 86118K, committed 86232K, reserved 1124352K
  class space    used 10750K, capacity 11686K, committed 11776K, reserved 1048576K
}
Event: 3047.133 GC heap before
{Heap before GC invocations=22 (full 3):
 PSYoungGen      total 234496K, used 231598K [0x00000000e0000000, 0x00000000f0c00000, 0x0000000100000000)
  eden space 206336K, 99% used [0x00000000e0000000,0x00000000ec914da0,0x00000000ec980000)
  from space 28160K, 91% used [0x00000000ee800000,0x00000000f0116d70,0x00000000f0380000)
  to   space 31232K, 0% used [0x00000000ec980000,0x00000000ec980000,0x00000000ee800000)
 ParOldGen       total 105472K, used 55465K [0x00000000a0000000, 0x00000000a6700000, 0x00000000e0000000)
  object space 105472K, 52% used [0x00000000a0000000,0x00000000a362a4e0,0x00000000a6700000)
 Metaspace       used 83815K, capacity 87876K, committed 88152K, reserved 1126400K
  class space    used 10960K, capacity 11881K, committed 11904K, reserved 1048576K
Event: 3047.184 GC heap after
Heap after GC invocations=22 (full 3):
 PSYoungGen      total 237568K, used 6003K [0x00000000e0000000, 0x00000000f3180000, 0x0000000100000000)
  eden space 206336K, 0% used [0x00000000e0000000,0x00000000e0000000,0x00000000ec980000)
  from space 31232K, 19% used [0x00000000ec980000,0x00000000ecf5cf80,0x00000000ee800000)
  to   space 31232K, 0% used [0x00000000f1300000,0x00000000f1300000,0x00000000f3180000)
 ParOldGen       total 105472K, used 66343K [0x00000000a0000000, 0x00000000a6700000, 0x00000000e0000000)
  object space 105472K, 62% used [0x00000000a0000000,0x00000000a40c9fc0,0x00000000a6700000)
 Metaspace       used 83815K, capacity 87876K, committed 88152K, reserved 1126400K
  class space    used 10960K, capacity 11881K, committed 11904K, reserved 1048576K
}

